Determining if the pthread_create exist failed with the following output:
Change Dir: /home/hyperwebster/catkin_ws/build/turtlesim_cleaner/CMakeFiles/CMakeTmp

Run Build Command:"/usr/bin/make" "cmTC_fa290/fast"
/usr/bin/make -f CMakeFiles/cmTC_fa290.dir/build.make CMakeFiles/cmTC_fa290.dir/build
make[1]: Entering directory '/home/hyperwebster/catkin_ws/build/turtlesim_cleaner/CMakeFiles/CMakeTmp'
Building C object CMakeFiles/cmTC_fa290.dir/CheckSymbolExists.c.o
/usr/bin/cc    -o CMakeFiles/cmTC_fa290.dir/CheckSymbolExists.c.o   -c /home/hyperwebster/catkin_ws/build/turtlesim_cleaner/CMakeFiles/CMakeTmp/CheckSymbolExists.c
Linking C executable cmTC_fa290
/usr/bin/cmake -E cmake_link_script CMakeFiles/cmTC_fa290.dir/link.txt --verbose=1
/usr/bin/cc      -rdynamic CMakeFiles/cmTC_fa290.dir/CheckSymbolExists.c.o  -o cmTC_fa290 
CMakeFiles/cmTC_fa290.dir/CheckSymbolExists.c.o: In function `main':
CheckSymbolExists.c:(.text+0x1b): undefined reference to `pthread_create'
collect2: error: ld returned 1 exit status
CMakeFiles/cmTC_fa290.dir/build.make:97: recipe for target 'cmTC_fa290' failed
make[1]: *** [cmTC_fa290] Error 1
make[1]: Leaving directory '/home/hyperwebster/catkin_ws/build/turtlesim_cleaner/CMakeFiles/CMakeTmp'
Makefile:126: recipe for target 'cmTC_fa290/fast' failed
make: *** [cmTC_fa290/fast] Error 2

File /home/hyperwebster/catkin_ws/build/turtlesim_cleaner/CMakeFiles/CMakeTmp/CheckSymbolExists.c:
/* */
#include <pthread.h>

int main(int argc, char** argv)
{
  (void)argv;
#ifndef pthread_create
  return ((int*)(&pthread_create))[argc];
#else
  (void)argc;
  return 0;
#endif
}

Determining if the function pthread_create exists in the pthreads failed with the following output:
Change Dir: /home/hyperwebster/catkin_ws/build/turtlesim_cleaner/CMakeFiles/CMakeTmp

Run Build Command:"/usr/bin/make" "cmTC_aef04/fast"
/usr/bin/make -f CMakeFiles/cmTC_aef04.dir/build.make CMakeFiles/cmTC_aef04.dir/build
make[1]: Entering directory '/home/hyperwebster/catkin_ws/build/turtlesim_cleaner/CMakeFiles/CMakeTmp'
Building C object CMakeFiles/cmTC_aef04.dir/CheckFunctionExists.c.o
/usr/bin/cc   -DCHECK_FUNCTION_EXISTS=pthread_create   -o CMakeFiles/cmTC_aef04.dir/CheckFunctionExists.c.o   -c /usr/share/cmake-3.10/Modules/CheckFunctionExists.c
Linking C executable cmTC_aef04
/usr/bin/cmake -E cmake_link_script CMakeFiles/cmTC_aef04.dir/link.txt --verbose=1
/usr/bin/cc  -DCHECK_FUNCTION_EXISTS=pthread_create    -rdynamic CMakeFiles/cmTC_aef04.dir/CheckFunctionExists.c.o  -o cmTC_aef04 -lpthreads 
/usr/bin/ld: cannot find -lpthreads
collect2: error: ld returned 1 exit status
CMakeFiles/cmTC_aef04.dir/build.make:97: recipe for target 'cmTC_aef04' failed
make[1]: *** [cmTC_aef04] Error 1
make[1]: Leaving directory '/home/hyperwebster/catkin_ws/build/turtlesim_cleaner/CMakeFiles/CMakeTmp'
Makefile:126: recipe for target 'cmTC_aef04/fast' failed
make: *** [cmTC_aef04/fast] Error 2


